android/app/build/intermediates/manifest_merge_blame_file/release/manifest-merger-blame-release-report.txt
1<?xml version="1.0" encoding="utf-8"?>
2<manifest xmlns:android="http://schemas.android.com/apk/res/android"
3    package="com.migh.crgrouphk"
4    android:versionCode="36"
5    android:versionName="36" >
6
7    <uses-sdk
8        android:minSdkVersion="21"
8-->src/main/AndroidManifest.xml
9        android:targetSdkVersion="33" />
9-->src/main/AndroidManifest.xml
10
11    <uses-permission android:name="android.permission.INTERNET" />
11-->src/main/AndroidManifest.xml:4:5-67
11-->src/main/AndroidManifest.xml:4:22-64
12    <uses-permission android:name="com.google.android.gms.permission.AD_ID" />
12-->src/main/AndroidManifest.xml:5:1-74
12-->src/main/AndroidManifest.xml:5:18-72
13    <uses-permission android:name="android.permission.INTERNET" />
13-->src/main/AndroidManifest.xml:4:5-67
13-->src/main/AndroidManifest.xml:4:22-64
14    <uses-permission android:name="android.permission.WAKE_LOCK" />
14-->[:react-native-firebase_messaging] AndroidManifest.xml:10:5-68
14-->[:react-native-firebase_messaging] AndroidManifest.xml:10:22-65
15    <uses-permission android:name="android.permission.ACCESS_NETWORK_STATE" /> <!-- See https://developer.android.com/training/package-visibility/declaring for more details. -->
15-->[:react-native-firebase_messaging] AndroidManifest.xml:11:5-79
15-->[:react-native-firebase_messaging] AndroidManifest.xml:11:22-76
16    <queries>
16-->[com.stripe:financial-connections:20.12.0] AndroidManifest.xml:12:5-20:15
17
18        <!-- Added to check the default browser that will host the AuthFlow. -->
19        <intent>
19-->[com.stripe:financial-connections:20.12.0] AndroidManifest.xml:15:9-19:18
20            <action android:name="android.intent.action.VIEW" />
20-->[com.stripe:financial-connections:20.12.0] AndroidManifest.xml:16:13-65
20-->[com.stripe:financial-connections:20.12.0] AndroidManifest.xml:16:21-62
21
22            <data android:scheme="http" />
22-->[com.stripe:financial-connections:20.12.0] AndroidManifest.xml:18:13-43
22-->[com.stripe:financial-connections:20.12.0] AndroidManifest.xml:18:19-40
23        </intent>
24        <!-- Added to check if Chrome is installed for browser-based payment authentication (e.g. 3DS1). -->
25        <package android:name="com.android.chrome" />
25-->[com.stripe:payments-core:20.12.0] AndroidManifest.xml:13:9-54
25-->[com.stripe:payments-core:20.12.0] AndroidManifest.xml:13:18-51
26        <package android:name="com.facebook.katana" /> <!-- Needs to be explicitly declared on Android R+ -->
26-->[com.facebook.android:facebook-common:15.2.0] AndroidManifest.xml:18:9-55
26-->[com.facebook.android:facebook-common:15.2.0] AndroidManifest.xml:18:18-52
27        <package android:name="com.google.android.apps.maps" />
27-->[com.google.android.gms:play-services-maps:18.0.2] AndroidManifest.xml:33:9-64
27-->[com.google.android.gms:play-services-maps:18.0.2] AndroidManifest.xml:33:18-61
28    </queries> <!-- Required by older versions of Google Play services to create IID tokens -->
29    <uses-permission android:name="com.google.android.c2dm.permission.RECEIVE" />
29-->[com.google.firebase:firebase-messaging:23.0.3] AndroidManifest.xml:28:5-82
29-->[com.google.firebase:firebase-messaging:23.0.3] AndroidManifest.xml:28:22-79
30    <uses-permission android:name="com.google.android.finsky.permission.BIND_GET_INSTALL_REFERRER_SERVICE" />
30-->[com.google.android.gms:play-services-measurement:20.1.2] AndroidManifest.xml:26:5-110
30-->[com.google.android.gms:play-services-measurement:20.1.2] AndroidManifest.xml:26:22-107
31
32    <uses-feature
32-->[com.google.android.gms:play-services-maps:18.0.2] AndroidManifest.xml:26:5-28:35
33        android:glEsVersion="0x00020000"
33-->[com.google.android.gms:play-services-maps:18.0.2] AndroidManifest.xml:27:9-41
34        android:required="true" />
34-->[com.google.android.gms:play-services-maps:18.0.2] AndroidManifest.xml:28:9-32
35
36    <permission
36-->[androidx.core:core:1.9.0] AndroidManifest.xml:22:5-24:47
37        android:name="com.migh.crgrouphk.DYNAMIC_RECEIVER_NOT_EXPORTED_PERMISSION"
37-->[androidx.core:core:1.9.0] AndroidManifest.xml:23:9-81
38        android:protectionLevel="signature" />
38-->[androidx.core:core:1.9.0] AndroidManifest.xml:24:9-44
39
40    <uses-permission android:name="com.migh.crgrouphk.DYNAMIC_RECEIVER_NOT_EXPORTED_PERMISSION" />
40-->[androidx.core:core:1.9.0] AndroidManifest.xml:26:5-97
40-->[androidx.core:core:1.9.0] AndroidManifest.xml:26:22-94
41
42    <application
42-->src/main/AndroidManifest.xml:7:5-32:19
43        android:name="com.migh.crgrouphk.MainApplication"
43-->src/main/AndroidManifest.xml:8:7-38
44        android:allowBackup="false"
44-->src/main/AndroidManifest.xml:12:7-34
45        android:appComponentFactory="androidx.core.app.CoreComponentFactory"
45-->[androidx.core:core:1.9.0] AndroidManifest.xml:28:18-86
46        android:icon="@mipmap/ic_launcher"
46-->src/main/AndroidManifest.xml:10:7-41
47        android:label="@string/app_name"
47-->src/main/AndroidManifest.xml:9:7-39
48        android:roundIcon="@mipmap/ic_launcher_round"
48-->src/main/AndroidManifest.xml:11:7-52
49        android:supportsRtl="true"
49-->[com.facebook.android:facebook-android-sdk:15.2.0] AndroidManifest.xml:16:18-44
50        android:theme="@style/AppTheme" >
50-->src/main/AndroidManifest.xml:13:7-38
51        <meta-data
51-->src/main/AndroidManifest.xml:14:9-107
52            android:name="com.facebook.sdk.ApplicationId"
52-->src/main/AndroidManifest.xml:14:20-65
53            android:value="@string/facebook_app_id" />
53-->src/main/AndroidManifest.xml:14:66-105
54        <meta-data
54-->src/main/AndroidManifest.xml:15:9-111
55            android:name="com.facebook.sdk.ClientToken"
55-->src/main/AndroidManifest.xml:15:20-63
56            android:value="@string/facebook_client_token" />
56-->src/main/AndroidManifest.xml:15:64-109
57        <meta-data
57-->src/main/AndroidManifest.xml:17:9-19:32
58            android:name="com.google.android.gms.wallet.api.enabled"
58-->src/main/AndroidManifest.xml:18:9-65
59            android:value="true" />
59-->src/main/AndroidManifest.xml:19:9-29
60
61        <activity
61-->src/main/AndroidManifest.xml:20:7-31:18
62            android:name="com.migh.crgrouphk.MainActivity"
62-->src/main/AndroidManifest.xml:21:9-37
63            android:configChanges="keyboard|keyboardHidden|orientation|screenSize|uiMode"
63-->src/main/AndroidManifest.xml:23:9-86
64            android:exported="true"
64-->src/main/AndroidManifest.xml:26:9-32
65            android:label="@string/app_name"
65-->src/main/AndroidManifest.xml:22:9-41
66            android:launchMode="singleTask"
66-->src/main/AndroidManifest.xml:24:9-40
67            android:windowSoftInputMode="adjustPan" >
67-->src/main/AndroidManifest.xml:25:9-48
68            <intent-filter>
68-->src/main/AndroidManifest.xml:27:9-30:25
69                <action android:name="android.intent.action.MAIN" />
69-->src/main/AndroidManifest.xml:28:13-65
69-->src/main/AndroidManifest.xml:28:21-62
70
71                <category android:name="android.intent.category.LAUNCHER" />
71-->src/main/AndroidManifest.xml:29:13-73
71-->src/main/AndroidManifest.xml:29:23-70
72            </intent-filter>
73        </activity>
74
75        <service android:name="io.invertase.firebase.messaging.ReactNativeFirebaseMessagingHeadlessService" />
75-->[:react-native-firebase_messaging] AndroidManifest.xml:14:9-111
75-->[:react-native-firebase_messaging] AndroidManifest.xml:14:18-108
76        <service
76-->[:react-native-firebase_messaging] AndroidManifest.xml:15:9-21:19
77            android:name="io.invertase.firebase.messaging.ReactNativeFirebaseMessagingService"
77-->[:react-native-firebase_messaging] AndroidManifest.xml:16:13-95
78            android:exported="false" >
78-->[:react-native-firebase_messaging] AndroidManifest.xml:17:13-37
79            <intent-filter>
79-->[:react-native-firebase_messaging] AndroidManifest.xml:18:13-20:29
80                <action android:name="com.google.firebase.MESSAGING_EVENT" />
80-->[:react-native-firebase_messaging] AndroidManifest.xml:19:17-78
80-->[:react-native-firebase_messaging] AndroidManifest.xml:19:25-75
81            </intent-filter>
82        </service>
83
84        <receiver
84-->[:react-native-firebase_messaging] AndroidManifest.xml:23:9-30:20
85            android:name="io.invertase.firebase.messaging.ReactNativeFirebaseMessagingReceiver"
85-->[:react-native-firebase_messaging] AndroidManifest.xml:24:13-96
86            android:exported="true"
86-->[:react-native-firebase_messaging] AndroidManifest.xml:25:13-36
87            android:permission="com.google.android.c2dm.permission.SEND" >
87-->[:react-native-firebase_messaging] AndroidManifest.xml:26:13-73
88            <intent-filter>
88-->[:react-native-firebase_messaging] AndroidManifest.xml:27:13-29:29
89                <action android:name="com.google.android.c2dm.intent.RECEIVE" />
89-->[:react-native-firebase_messaging] AndroidManifest.xml:28:17-81
89-->[:react-native-firebase_messaging] AndroidManifest.xml:28:25-78
90            </intent-filter>
91        </receiver>
92
93        <meta-data
93-->[:react-native-firebase_messaging] AndroidManifest.xml:32:9-34:36
94            android:name="firebase_messaging_auto_init_enabled"
94-->[:react-native-firebase_messaging] AndroidManifest.xml:33:13-64
95            android:value="true" />
95-->[:react-native-firebase_messaging] AndroidManifest.xml:34:13-33
96        <meta-data
96-->[:react-native-firebase_messaging] AndroidManifest.xml:35:9-37:32
97            android:name="com.google.firebase.messaging.default_notification_channel_id"
97-->[:react-native-firebase_messaging] AndroidManifest.xml:36:13-89
98            android:value="" />
98-->[:react-native-firebase_messaging] AndroidManifest.xml:37:13-29
99        <meta-data
99-->[:react-native-firebase_messaging] AndroidManifest.xml:38:9-40:47
100            android:name="com.google.firebase.messaging.default_notification_color"
100-->[:react-native-firebase_messaging] AndroidManifest.xml:39:13-84
101            android:resource="@color/white" />
101-->[:react-native-firebase_messaging] AndroidManifest.xml:40:13-44
102        <meta-data
102-->[:react-native-firebase_app] AndroidManifest.xml:10:9-12:36
103            android:name="app_data_collection_default_enabled"
103-->[:react-native-firebase_app] AndroidManifest.xml:11:13-63
104            android:value="true" />
104-->[:react-native-firebase_app] AndroidManifest.xml:12:13-33
105
106        <service
106-->[:react-native-firebase_app] AndroidManifest.xml:14:9-18:19
107            android:name="com.google.firebase.components.ComponentDiscoveryService"
107-->[:react-native-firebase_app] AndroidManifest.xml:14:18-89
108            android:directBootAware="true"
108-->[com.google.firebase:firebase-common:20.1.0] AndroidManifest.xml:35:13-43
109            android:exported="false" >
109-->[com.google.firebase:firebase-messaging:23.0.3] AndroidManifest.xml:54:13-37
110            <meta-data
110-->[:react-native-firebase_app] AndroidManifest.xml:15:13-17:85
111                android:name="com.google.firebase.components:io.invertase.firebase.app.ReactNativeFirebaseAppRegistrar"
111-->[:react-native-firebase_app] AndroidManifest.xml:16:17-120
112                android:value="com.google.firebase.components.ComponentRegistrar" />
112-->[:react-native-firebase_app] AndroidManifest.xml:17:17-82
113            <meta-data
113-->[com.google.firebase:firebase-messaging:23.0.3] AndroidManifest.xml:55:13-57:85
114                android:name="com.google.firebase.components:com.google.firebase.messaging.FirebaseMessagingRegistrar"
114-->[com.google.firebase:firebase-messaging:23.0.3] AndroidManifest.xml:56:17-119
115                android:value="com.google.firebase.components.ComponentRegistrar" />
115-->[com.google.firebase:firebase-messaging:23.0.3] AndroidManifest.xml:57:17-82
116            <meta-data
116-->[com.google.firebase:firebase-datatransport:18.1.2] AndroidManifest.xml:28:13-30:85
117                android:name="com.google.firebase.components:com.google.firebase.datatransport.TransportRegistrar"
117-->[com.google.firebase:firebase-datatransport:18.1.2] AndroidManifest.xml:29:17-115
118                android:value="com.google.firebase.components.ComponentRegistrar" />
118-->[com.google.firebase:firebase-datatransport:18.1.2] AndroidManifest.xml:30:17-82
119            <meta-data
119-->[com.google.android.gms:play-services-measurement-api:20.1.2] AndroidManifest.xml:31:13-33:85
120                android:name="com.google.firebase.components:com.google.firebase.analytics.connector.internal.AnalyticsConnectorRegistrar"
120-->[com.google.android.gms:play-services-measurement-api:20.1.2] AndroidManifest.xml:32:17-139
121                android:value="com.google.firebase.components.ComponentRegistrar" />
121-->[com.google.android.gms:play-services-measurement-api:20.1.2] AndroidManifest.xml:33:17-82
122            <meta-data
122-->[com.google.firebase:firebase-installations:17.0.1] AndroidManifest.xml:18:13-20:85
123                android:name="com.google.firebase.components:com.google.firebase.installations.FirebaseInstallationsRegistrar"
123-->[com.google.firebase:firebase-installations:17.0.1] AndroidManifest.xml:19:17-127
124                android:value="com.google.firebase.components.ComponentRegistrar" />
124-->[com.google.firebase:firebase-installations:17.0.1] AndroidManifest.xml:20:17-82
125        </service>
126
127        <provider
127-->[:react-native-firebase_app] AndroidManifest.xml:20:9-24:38
128            android:name="io.invertase.firebase.app.ReactNativeFirebaseAppInitProvider"
128-->[:react-native-firebase_app] AndroidManifest.xml:21:13-88
129            android:authorities="com.migh.crgrouphk.reactnativefirebaseappinitprovider"
129-->[:react-native-firebase_app] AndroidManifest.xml:22:13-86
130            android:exported="false"
130-->[:react-native-firebase_app] AndroidManifest.xml:23:13-37
131            android:initOrder="99" />
131-->[:react-native-firebase_app] AndroidManifest.xml:24:13-35
132        <provider
132-->[:react-native-image-picker] AndroidManifest.xml:10:9-18:20
133            android:name="com.imagepicker.ImagePickerProvider"
133-->[:react-native-image-picker] AndroidManifest.xml:11:13-63
134            android:authorities="com.migh.crgrouphk.imagepickerprovider"
134-->[:react-native-image-picker] AndroidManifest.xml:12:13-71
135            android:exported="false"
135-->[:react-native-image-picker] AndroidManifest.xml:13:13-37
136            android:grantUriPermissions="true" >
136-->[:react-native-image-picker] AndroidManifest.xml:14:13-47
137            <meta-data
137-->[:react-native-image-picker] AndroidManifest.xml:15:13-17:70
138                android:name="android.support.FILE_PROVIDER_PATHS"
138-->[:react-native-image-picker] AndroidManifest.xml:16:17-67
139                android:resource="@xml/imagepicker_provider_paths" />
139-->[:react-native-image-picker] AndroidManifest.xml:17:17-67
140        </provider>
141        <provider
141-->[:react-native-webview] AndroidManifest.xml:10:9-18:20
142            android:name="com.reactnativecommunity.webview.RNCWebViewFileProvider"
142-->[:react-native-webview] AndroidManifest.xml:11:13-83
143            android:authorities="com.migh.crgrouphk.fileprovider"
143-->[:react-native-webview] AndroidManifest.xml:12:13-64
144            android:exported="false"
144-->[:react-native-webview] AndroidManifest.xml:13:13-37
145            android:grantUriPermissions="true" >
145-->[:react-native-webview] AndroidManifest.xml:14:13-47
146            <meta-data
146-->[:react-native-image-picker] AndroidManifest.xml:15:13-17:70
147                android:name="android.support.FILE_PROVIDER_PATHS"
147-->[:react-native-image-picker] AndroidManifest.xml:16:17-67
148                android:resource="@xml/file_provider_paths" />
148-->[:react-native-image-picker] AndroidManifest.xml:17:17-67
149        </provider>
150
151        <activity
151-->[com.stripe:paymentsheet:20.12.0] AndroidManifest.xml:10:9-13:69
152            android:name="com.stripe.android.paymentsheet.PaymentSheetActivity"
152-->[com.stripe:paymentsheet:20.12.0] AndroidManifest.xml:11:13-80
153            android:exported="false"
153-->[com.stripe:paymentsheet:20.12.0] AndroidManifest.xml:12:13-37
154            android:theme="@style/StripePaymentSheetDefaultTheme" />
154-->[com.stripe:paymentsheet:20.12.0] AndroidManifest.xml:13:13-66
155        <activity
155-->[com.stripe:paymentsheet:20.12.0] AndroidManifest.xml:14:9-17:69
156            android:name="com.stripe.android.paymentsheet.PaymentOptionsActivity"
156-->[com.stripe:paymentsheet:20.12.0] AndroidManifest.xml:15:13-82
157            android:exported="false"
157-->[com.stripe:paymentsheet:20.12.0] AndroidManifest.xml:16:13-37
158            android:theme="@style/StripePaymentSheetDefaultTheme" />
158-->[com.stripe:paymentsheet:20.12.0] AndroidManifest.xml:17:13-66
159        <activity
159-->[com.stripe:paymentsheet:20.12.0] AndroidManifest.xml:18:9-21:69
160            android:name="com.stripe.android.paymentsheet.addresselement.AddressElementActivity"
160-->[com.stripe:paymentsheet:20.12.0] AndroidManifest.xml:19:13-97
161            android:exported="false"
161-->[com.stripe:paymentsheet:20.12.0] AndroidManifest.xml:20:13-37
162            android:theme="@style/StripePaymentSheetDefaultTheme" />
162-->[com.stripe:paymentsheet:20.12.0] AndroidManifest.xml:21:13-66
163        <activity
163-->[com.stripe:link:20.12.0] AndroidManifest.xml:10:9-14:52
164            android:name="com.stripe.android.link.LinkActivity"
164-->[com.stripe:link:20.12.0] AndroidManifest.xml:11:13-64
165            android:exported="false"
165-->[com.stripe:link:20.12.0] AndroidManifest.xml:12:13-37
166            android:label="@string/link"
166-->[com.stripe:link:20.12.0] AndroidManifest.xml:13:13-41
167            android:theme="@style/LinkBaseTheme" />
167-->[com.stripe:link:20.12.0] AndroidManifest.xml:14:13-49
168        <activity
168-->[com.stripe:financial-connections:20.12.0] AndroidManifest.xml:23:9-42:20
169            android:name="com.stripe.android.financialconnections.FinancialConnectionsSheetRedirectActivity"
169-->[com.stripe:financial-connections:20.12.0] AndroidManifest.xml:24:13-109
170            android:exported="true" >
170-->[com.stripe:financial-connections:20.12.0] AndroidManifest.xml:25:13-36
171            <intent-filter>
171-->[com.stripe:financial-connections:20.12.0] AndroidManifest.xml:26:13-41:29
172                <action android:name="android.intent.action.VIEW" />
172-->[com.stripe:financial-connections:20.12.0] AndroidManifest.xml:16:13-65
172-->[com.stripe:financial-connections:20.12.0] AndroidManifest.xml:16:21-62
173
174                <category android:name="android.intent.category.DEFAULT" />
174-->[com.stripe:financial-connections:20.12.0] AndroidManifest.xml:29:17-76
174-->[com.stripe:financial-connections:20.12.0] AndroidManifest.xml:29:27-73
175                <category android:name="android.intent.category.BROWSABLE" />
175-->[com.stripe:financial-connections:20.12.0] AndroidManifest.xml:30:17-78
175-->[com.stripe:financial-connections:20.12.0] AndroidManifest.xml:30:27-75
176
177                <!-- Accepts success and cancel URIs that begin with "stripe-auth://link-accounts” -->
178                <data
178-->[com.stripe:financial-connections:20.12.0] AndroidManifest.xml:18:13-43
179                    android:host="link-accounts"
180                    android:path="/com.migh.crgrouphk/success"
181                    android:scheme="stripe-auth" />
181-->[com.stripe:financial-connections:20.12.0] AndroidManifest.xml:18:19-40
182                <data
182-->[com.stripe:financial-connections:20.12.0] AndroidManifest.xml:18:13-43
183                    android:host="link-accounts"
184                    android:path="/com.migh.crgrouphk/cancel"
185                    android:scheme="stripe-auth" />
185-->[com.stripe:financial-connections:20.12.0] AndroidManifest.xml:18:19-40
186            </intent-filter>
187        </activity>
188        <activity
188-->[com.stripe:financial-connections:20.12.0] AndroidManifest.xml:43:9-46:57
189            android:name="com.stripe.android.financialconnections.FinancialConnectionsSheetActivity"
189-->[com.stripe:financial-connections:20.12.0] AndroidManifest.xml:44:13-101
190            android:exported="false"
190-->[com.stripe:financial-connections:20.12.0] AndroidManifest.xml:45:13-37
191            android:theme="@style/StripeDefaultTheme" />
191-->[com.stripe:financial-connections:20.12.0] AndroidManifest.xml:46:13-54
192
193        <provider
193-->[com.stripe:financial-connections:20.12.0] AndroidManifest.xml:48:9-52:43
194            android:name="com.stripe.android.financialconnections.appinitializer.FinancialConnectionsInitializer"
194-->[com.stripe:financial-connections:20.12.0] AndroidManifest.xml:49:13-114
195            android:authorities="com.migh.crgrouphk.financialconnections-init"
195-->[com.stripe:financial-connections:20.12.0] AndroidManifest.xml:50:13-77
196            android:exported="false"
196-->[com.stripe:financial-connections:20.12.0] AndroidManifest.xml:51:13-37
197            android:multiprocess="true" />
197-->[com.stripe:financial-connections:20.12.0] AndroidManifest.xml:52:13-40
198
199        <activity
199-->[com.stripe:payments-ui-core:20.12.0] AndroidManifest.xml:10:9-13:69
200            android:name="com.stripe.android.ui.core.cardscan.CardScanActivity"
200-->[com.stripe:payments-ui-core:20.12.0] AndroidManifest.xml:11:13-80
201            android:exported="false"
201-->[com.stripe:payments-ui-core:20.12.0] AndroidManifest.xml:12:13-37
202            android:theme="@style/StripePaymentSheetDefaultTheme" />
202-->[com.stripe:payments-ui-core:20.12.0] AndroidManifest.xml:13:13-66
203        <activity
203-->[com.stripe:payments-core:20.12.0] AndroidManifest.xml:17:9-20:57
204            android:name="com.stripe.android.view.AddPaymentMethodActivity"
204-->[com.stripe:payments-core:20.12.0] AndroidManifest.xml:18:13-76
205            android:exported="false"
205-->[com.stripe:payments-core:20.12.0] AndroidManifest.xml:19:13-37
206            android:theme="@style/StripeDefaultTheme" />
206-->[com.stripe:payments-core:20.12.0] AndroidManifest.xml:20:13-54
207        <activity
207-->[com.stripe:payments-core:20.12.0] AndroidManifest.xml:21:9-24:57
208            android:name="com.stripe.android.view.PaymentMethodsActivity"
208-->[com.stripe:payments-core:20.12.0] AndroidManifest.xml:22:13-74
209            android:exported="false"
209-->[com.stripe:payments-core:20.12.0] AndroidManifest.xml:23:13-37
210            android:theme="@style/StripeDefaultTheme" />
210-->[com.stripe:payments-core:20.12.0] AndroidManifest.xml:24:13-54
211        <activity
211-->[com.stripe:payments-core:20.12.0] AndroidManifest.xml:25:9-28:57
212            android:name="com.stripe.android.view.PaymentFlowActivity"
212-->[com.stripe:payments-core:20.12.0] AndroidManifest.xml:26:13-71
213            android:exported="false"
213-->[com.stripe:payments-core:20.12.0] AndroidManifest.xml:27:13-37
214            android:theme="@style/StripeDefaultTheme" />
214-->[com.stripe:payments-core:20.12.0] AndroidManifest.xml:28:13-54
215        <activity
215-->[com.stripe:payments-core:20.12.0] AndroidManifest.xml:29:9-33:58
216            android:name="com.stripe.android.view.PaymentAuthWebViewActivity"
216-->[com.stripe:payments-core:20.12.0] AndroidManifest.xml:30:13-78
217            android:exported="false"
217-->[com.stripe:payments-core:20.12.0] AndroidManifest.xml:31:13-37
218            android:theme="@style/StripeDefaultTheme"
218-->[com.stripe:payments-core:20.12.0] AndroidManifest.xml:32:13-54
219            android:windowSoftInputMode="adjustResize" />
219-->[com.stripe:payments-core:20.12.0] AndroidManifest.xml:33:13-55
220        <activity
220-->[com.stripe:payments-core:20.12.0] AndroidManifest.xml:34:9-37:61
221            android:name="com.stripe.android.view.PaymentRelayActivity"
221-->[com.stripe:payments-core:20.12.0] AndroidManifest.xml:35:13-72
222            android:exported="false"
222-->[com.stripe:payments-core:20.12.0] AndroidManifest.xml:36:13-37
223            android:theme="@style/StripeTransparentTheme" />
223-->[com.stripe:payments-core:20.12.0] AndroidManifest.xml:37:13-58
224        <!--
225        Set android:launchMode="singleTop" so that the StripeBrowserLauncherActivity instance that
226        launched the browser Activity will also handle the return URL deep link.
227        -->
228        <activity
228-->[com.stripe:payments-core:20.12.0] AndroidManifest.xml:43:9-47:61
229            android:name="com.stripe.android.payments.StripeBrowserLauncherActivity"
229-->[com.stripe:payments-core:20.12.0] AndroidManifest.xml:44:13-85
230            android:exported="false"
230-->[com.stripe:payments-core:20.12.0] AndroidManifest.xml:45:13-37
231            android:launchMode="singleTask"
231-->[com.stripe:payments-core:20.12.0] AndroidManifest.xml:46:13-44
232            android:theme="@style/StripeTransparentTheme" />
232-->[com.stripe:payments-core:20.12.0] AndroidManifest.xml:47:13-58
233        <activity
233-->[com.stripe:payments-core:20.12.0] AndroidManifest.xml:48:9-65:20
234            android:name="com.stripe.android.payments.StripeBrowserProxyReturnActivity"
234-->[com.stripe:payments-core:20.12.0] AndroidManifest.xml:49:13-88
235            android:exported="true"
235-->[com.stripe:payments-core:20.12.0] AndroidManifest.xml:50:13-36
236            android:launchMode="singleTask"
236-->[com.stripe:payments-core:20.12.0] AndroidManifest.xml:51:13-44
237            android:theme="@style/StripeTransparentTheme" >
237-->[com.stripe:payments-core:20.12.0] AndroidManifest.xml:52:13-58
238            <intent-filter>
238-->[com.stripe:payments-core:20.12.0] AndroidManifest.xml:53:13-64:29
239                <action android:name="android.intent.action.VIEW" />
239-->[com.stripe:financial-connections:20.12.0] AndroidManifest.xml:16:13-65
239-->[com.stripe:financial-connections:20.12.0] AndroidManifest.xml:16:21-62
240
241                <category android:name="android.intent.category.DEFAULT" />
241-->[com.stripe:financial-connections:20.12.0] AndroidManifest.xml:29:17-76
241-->[com.stripe:financial-connections:20.12.0] AndroidManifest.xml:29:27-73
242                <category android:name="android.intent.category.BROWSABLE" />
242-->[com.stripe:financial-connections:20.12.0] AndroidManifest.xml:30:17-78
242-->[com.stripe:financial-connections:20.12.0] AndroidManifest.xml:30:27-75
243
244                <!-- Must match `DefaultReturnUrl#value`. -->
245                <data
245-->[com.stripe:financial-connections:20.12.0] AndroidManifest.xml:18:13-43
246                    android:host="payment_return_url"
247                    android:path="/com.migh.crgrouphk"
248                    android:scheme="stripesdk" />
248-->[com.stripe:financial-connections:20.12.0] AndroidManifest.xml:18:19-40
249            </intent-filter>
250        </activity>
251        <activity
251-->[com.stripe:payments-core:20.12.0] AndroidManifest.xml:66:9-69:57
252            android:name="com.stripe.android.payments.core.authentication.threeds2.Stripe3ds2TransactionActivity"
252-->[com.stripe:payments-core:20.12.0] AndroidManifest.xml:67:13-114
253            android:exported="false"
253-->[com.stripe:payments-core:20.12.0] AndroidManifest.xml:68:13-37
254            android:theme="@style/StripeDefaultTheme" />
254-->[com.stripe:payments-core:20.12.0] AndroidManifest.xml:69:13-54
255        <activity
255-->[com.stripe:payments-core:20.12.0] AndroidManifest.xml:70:9-73:66
256            android:name="com.stripe.android.googlepaylauncher.StripeGooglePayActivity"
256-->[com.stripe:payments-core:20.12.0] AndroidManifest.xml:71:13-88
257            android:exported="false"
257-->[com.stripe:payments-core:20.12.0] AndroidManifest.xml:72:13-37
258            android:theme="@style/StripeGooglePayDefaultTheme" />
258-->[com.stripe:payments-core:20.12.0] AndroidManifest.xml:73:13-63
259        <activity
259-->[com.stripe:payments-core:20.12.0] AndroidManifest.xml:74:9-77:66
260            android:name="com.stripe.android.googlepaylauncher.GooglePayLauncherActivity"
260-->[com.stripe:payments-core:20.12.0] AndroidManifest.xml:75:13-90
261            android:exported="false"
261-->[com.stripe:payments-core:20.12.0] AndroidManifest.xml:76:13-37
262            android:theme="@style/StripeGooglePayDefaultTheme" />
262-->[com.stripe:payments-core:20.12.0] AndroidManifest.xml:77:13-63
263        <activity
263-->[com.stripe:payments-core:20.12.0] AndroidManifest.xml:78:9-81:66
264            android:name="com.stripe.android.googlepaylauncher.GooglePayPaymentMethodLauncherActivity"
264-->[com.stripe:payments-core:20.12.0] AndroidManifest.xml:79:13-103
265            android:exported="false"
265-->[com.stripe:payments-core:20.12.0] AndroidManifest.xml:80:13-37
266            android:theme="@style/StripeGooglePayDefaultTheme" />
266-->[com.stripe:payments-core:20.12.0] AndroidManifest.xml:81:13-63
267        <activity
267-->[com.stripe:payments-core:20.12.0] AndroidManifest.xml:82:9-85:62
268            android:name="com.stripe.android.payments.paymentlauncher.PaymentLauncherConfirmationActivity"
268-->[com.stripe:payments-core:20.12.0] AndroidManifest.xml:83:13-107
269            android:exported="false"
269-->[com.stripe:payments-core:20.12.0] AndroidManifest.xml:84:13-37
270            android:theme="@style/PayLauncherDefaultTheme" />
270-->[com.stripe:payments-core:20.12.0] AndroidManifest.xml:85:13-59
271        <activity
271-->[com.stripe:payments-core:20.12.0] AndroidManifest.xml:86:9-89:61
272            android:name="com.stripe.android.payments.bankaccount.ui.CollectBankAccountActivity"
272-->[com.stripe:payments-core:20.12.0] AndroidManifest.xml:87:13-97